===================================
Time: 31.01.2026 8:42:18
API Status: Alive
Database: OK
Memory Used: 6 MB
Threads: 36

===================================
Time: 31.01.2026 8:42:23
API Status: Alive
Database: OK
Memory Used: 4 MB
Threads: 38

===================================
Time: 31.01.2026 8:42:28
API Status: Alive
Database: OK
Memory Used: 4 MB
Threads: 38

===================================
Time: 31.01.2026 8:42:33
API Status: Alive
Database: OK
Memory Used: 5 MB
Threads: 38

===================================
Time: 31.01.2026 8:42:38
API Status: Alive
Database: OK
Memory Used: 5 MB
Threads: 38

===================================
Time: 31.01.2026 8:42:43
API Status: Alive
Database: OK
Memory Used: 5 MB
Threads: 37

===================================
Time: 31.01.2026 8:42:48
API Status: Alive
Database: OK
Memory Used: 5 MB
Threads: 39

===================================
Time: 31.01.2026 8:42:53
API Status: Alive
Database: OK
Memory Used: 5 MB
Threads: 39

===================================
Time: 31.01.2026 8:42:58
API Status: Alive
Database: OK
Memory Used: 5 MB
Threads: 39

===================================
Time: 31.01.2026 8:43:03
API Status: Alive
Database: OK
Memory Used: 5 MB
Threads: 38

===================================
Time: 31.01.2026 8:43:08
API Status: Alive
Database: OK
Memory Used: 6 MB
Threads: 38

===================================
Time: 31.01.2026 8:43:13
API Status: Alive
Database: OK
Memory Used: 6 MB
Threads: 38

===================================
Time: 31.01.2026 8:43:18
API Status: Alive
Database: OK
Memory Used: 6 MB
Threads: 35

===================================
Time: 31.01.2026 8:43:23
API Status: Alive
Database: OK
Memory Used: 6 MB
Threads: 35

===================================
Time: 31.01.2026 8:43:28
API Status: Alive
Database: OK
Memory Used: 6 MB
Threads: 35

===================================
Time: 31.01.2026 8:43:33
API Status: Alive
Database: OK
Memory Used: 6 MB
Threads: 35

===================================
Time: 31.01.2026 9:02:14
API Status: Alive
Database: OK
Memory Used: 6 MB
Threads: 36

===================================
Time: 31.01.2026 9:02:19
API Status: Alive
Database: OK
Memory Used: 4 MB
Threads: 38

===================================
Time: 31.01.2026 9:02:24
API Status: Alive
Database: OK
Memory Used: 4 MB
Threads: 38

===================================
Time: 31.01.2026 9:02:29
API Status: Alive
Database: OK
Memory Used: 4 MB
Threads: 38

===================================
Time: 31.01.2026 9:02:34
API Status: Alive
Database: OK
Memory Used: 5 MB
Threads: 38

===================================
Time: 31.01.2026 9:02:39
API Status: Alive
Database: OK
Memory Used: 5 MB
Threads: 37

===================================
Time: 31.01.2026 9:02:44
API Status: Alive
Database: OK
Memory Used: 5 MB
Threads: 39

===================================
Time: 31.01.2026 9:02:49
API Status: Alive
Database: OK
Memory Used: 5 MB
Threads: 38

===================================
Time: 31.01.2026 9:02:54
API Status: Alive
Database: OK
Memory Used: 5 MB
Threads: 38

===================================
Time: 31.01.2026 9:02:59
API Status: Alive
Database: OK
Memory Used: 5 MB
Threads: 38

===================================
Time: 31.01.2026 9:03:04
API Status: Alive
Database: OK
Memory Used: 6 MB
Threads: 38

===================================
Time: 31.01.2026 9:03:09
API Status: Alive
Database: OK
Memory Used: 8 MB
Threads: 39

===================================
Time: 31.01.2026 9:03:14
API Status: Alive
Database: OK
Memory Used: 10 MB
Threads: 36

===================================
Time: 31.01.2026 9:03:19
API Status: Alive
Database: OK
Memory Used: 11 MB
Threads: 36

===================================
Time: 31.01.2026 9:03:24
API Status: Alive
Database: OK
Memory Used: 11 MB
Threads: 36

===================================
Time: 31.01.2026 9:03:29
API Status: Alive
Database: OK
Memory Used: 12 MB
Threads: 36

===================================
Time: 31.01.2026 9:03:34
API Status: Alive
Database: OK
Memory Used: 12 MB
Threads: 35

===================================
Time: 31.01.2026 9:03:39
API Status: Alive
Database: OK
Memory Used: 12 MB
Threads: 35

===================================
Time: 31.01.2026 9:03:45
API Status: Alive
Database: OK
Memory Used: 12 MB
Threads: 36

===================================
Time: 31.01.2026 9:03:50
API Status: Alive
Database: OK
Memory Used: 12 MB
Threads: 36

===================================
Time: 31.01.2026 9:03:55
API Status: Alive
Database: OK
Memory Used: 12 MB
Threads: 36

===================================
Time: 31.01.2026 10:52:07
API Status: Alive
Database: OK
Memory Used: 4 MB
Threads: 36

===================================
Time: 31.01.2026 10:52:12
API Status: Alive
Database: OK
Memory Used: 6 MB
Threads: 38

===================================
Time: 31.01.2026 10:52:17
API Status: Alive
Database: OK
Memory Used: 6 MB
Threads: 38

===================================
Time: 31.01.2026 10:52:22
API Status: Alive
Database: OK
Memory Used: 6 MB
Threads: 38

===================================
Time: 31.01.2026 10:52:27
API Status: Alive
Database: OK
Memory Used: 6 MB
Threads: 38

===================================
Time: 31.01.2026 10:52:32
API Status: Alive
Database: OK
Memory Used: 7 MB
Threads: 36

===================================
Time: 31.01.2026 10:52:37
API Status: Alive
Database: OK
Memory Used: 7 MB
Threads: 39

===================================
Time: 31.01.2026 10:52:42
API Status: Alive
Database: OK
Memory Used: 7 MB
Threads: 39

===================================
Time: 31.01.2026 10:52:47
API Status: Alive
Database: OK
Memory Used: 8 MB
Threads: 39

===================================
Time: 31.01.2026 10:52:52
API Status: Alive
Database: OK
Memory Used: 8 MB
Threads: 39

===================================
Time: 31.01.2026 10:52:57
API Status: Alive
Database: OK
Memory Used: 8 MB
Threads: 39

===================================
Time: 31.01.2026 10:53:02
API Status: Alive
Database: OK
Memory Used: 8 MB
Threads: 39

===================================
Time: 31.01.2026 10:53:07
API Status: Alive
Database: OK
Memory Used: 8 MB
Threads: 36

===================================
Time: 31.01.2026 10:53:12
API Status: Alive
Database: OK
Memory Used: 9 MB
Threads: 36

===================================
Time: 31.01.2026 10:53:17
API Status: Alive
Database: OK
Memory Used: 9 MB
Threads: 36

===================================
Time: 31.01.2026 10:53:22
API Status: Alive
Database: OK
Memory Used: 9 MB
Threads: 36

===================================
Time: 31.01.2026 10:53:27
API Status: Alive
Database: OK
Memory Used: 9 MB
Threads: 35

===================================
Time: 31.01.2026 10:53:32
API Status: Alive
Database: OK
Memory Used: 10 MB
Threads: 35

===================================
Time: 31.01.2026 10:53:37
API Status: Alive
Database: OK
Memory Used: 10 MB
Threads: 35

===================================
Time: 31.01.2026 10:53:42
API Status: Alive
Database: OK
Memory Used: 10 MB
Threads: 35

===================================
Time: 31.01.2026 10:53:47
API Status: Alive
Database: OK
Memory Used: 10 MB
Threads: 35

===================================
Time: 31.01.2026 10:53:52
API Status: Alive
Database: OK
Memory Used: 11 MB
Threads: 36

===================================
Time: 31.01.2026 10:53:57
API Status: Alive
Database: OK
Memory Used: 12 MB
Threads: 36

===================================
Time: 31.01.2026 10:54:02
API Status: Alive
Database: OK
Memory Used: 13 MB
Threads: 36

===================================
Time: 31.01.2026 10:54:07
API Status: Alive
Database: OK
Memory Used: 13 MB
Threads: 36

===================================
Time: 31.01.2026 10:54:12
API Status: Alive
Database: OK
Memory Used: 14 MB
Threads: 35

===================================
Time: 31.01.2026 10:54:17
API Status: Alive
Database: OK
Memory Used: 14 MB
Threads: 35

===================================
Time: 31.01.2026 10:54:22
API Status: Alive
Database: OK
Memory Used: 15 MB
Threads: 33

===================================
Time: 31.01.2026 10:54:27
API Status: Alive
Database: OK
Memory Used: 15 MB
Threads: 33

===================================
Time: 31.01.2026 10:54:32
API Status: Alive
Database: OK
Memory Used: 15 MB
Threads: 33

===================================
Time: 31.01.2026 10:54:37
API Status: Alive
Database: OK
Memory Used: 16 MB
Threads: 33

===================================
Time: 31.01.2026 10:54:42
API Status: Alive
Database: OK
Memory Used: 16 MB
Threads: 33

===================================
Time: 31.01.2026 10:54:48
API Status: Alive
Database: OK
Memory Used: 16 MB
Threads: 33

===================================
Time: 31.01.2026 10:54:53
API Status: Alive
Database: OK
Memory Used: 16 MB
Threads: 33

===================================
Time: 31.01.2026 10:54:58
API Status: Alive
Database: OK
Memory Used: 16 MB
Threads: 33

===================================
Time: 31.01.2026 10:55:03
API Status: Alive
Database: OK
Memory Used: 16 MB
Threads: 33

===================================
Time: 31.01.2026 10:55:08
API Status: Alive
Database: OK
Memory Used: 17 MB
Threads: 34

===================================
Time: 31.01.2026 10:55:13
API Status: Alive
Database: OK
Memory Used: 17 MB
Threads: 34

===================================
Time: 31.01.2026 10:55:18
API Status: Alive
Database: OK
Memory Used: 17 MB
Threads: 34

===================================
Time: 31.01.2026 10:55:23
API Status: Alive
Database: OK
Memory Used: 17 MB
Threads: 34

===================================
Time: 31.01.2026 10:55:28
API Status: Alive
Database: OK
Memory Used: 17 MB
Threads: 33

===================================
Time: 31.01.2026 10:55:33
API Status: Alive
Database: OK
Memory Used: 17 MB
Threads: 34

===================================
Time: 31.01.2026 10:55:38
API Status: Alive
Database: OK
Memory Used: 18 MB
Threads: 34

===================================
Time: 31.01.2026 10:55:43
API Status: Alive
Database: OK
Memory Used: 5 MB
Threads: 34

===================================
Time: 31.01.2026 10:55:48
API Status: Alive
Database: OK
Memory Used: 6 MB
Threads: 34

===================================
Time: 31.01.2026 10:55:53
API Status: Alive
Database: OK
Memory Used: 6 MB
Threads: 33

===================================
Time: 31.01.2026 10:55:58
API Status: Alive
Database: OK
Memory Used: 6 MB
Threads: 33

===================================
Time: 31.01.2026 10:56:03
API Status: Alive
Database: OK
Memory Used: 6 MB
Threads: 32

===================================
Time: 31.01.2026 10:56:08
API Status: Alive
Database: OK
Memory Used: 6 MB
Threads: 33

===================================
Time: 31.01.2026 10:56:13
API Status: Alive
Database: OK
Memory Used: 6 MB
Threads: 32

===================================
Time: 31.01.2026 10:56:18
API Status: Alive
Database: OK
Memory Used: 7 MB
Threads: 33

===================================
Time: 31.01.2026 10:56:23
API Status: Alive
Database: OK
Memory Used: 7 MB
Threads: 33

===================================
Time: 31.01.2026 10:56:28
API Status: Alive
Database: OK
Memory Used: 7 MB
Threads: 33

===================================
Time: 31.01.2026 10:56:33
API Status: Alive
Database: OK
Memory Used: 7 MB
Threads: 32

===================================
Time: 31.01.2026 10:56:38
API Status: Alive
Database: OK
Memory Used: 7 MB
Threads: 33

===================================
Time: 31.01.2026 10:56:43
API Status: Alive
Database: OK
Memory Used: 7 MB
Threads: 35

===================================
Time: 31.01.2026 10:56:48
API Status: Alive
Database: OK
Memory Used: 8 MB
Threads: 35

===================================
Time: 31.01.2026 10:56:53
API Status: Alive
Database: OK
Memory Used: 8 MB
Threads: 35

===================================
Time: 31.01.2026 10:56:58
API Status: Alive
Database: OK
Memory Used: 8 MB
Threads: 34

===================================
Time: 31.01.2026 10:57:03
API Status: Alive
Database: OK
Memory Used: 8 MB
Threads: 34

===================================
Time: 31.01.2026 10:57:08
API Status: Alive
Database: OK
Memory Used: 8 MB
Threads: 36

===================================
Time: 31.01.2026 10:57:13
API Status: Alive
Database: OK
Memory Used: 8 MB
Threads: 36

===================================
Time: 31.01.2026 10:57:18
API Status: Alive
Database: OK
Memory Used: 8 MB
Threads: 35

